running develop
running egg_info
creating delivery_robot.egg-info
writing delivery_robot.egg-info/PKG-INFO
writing dependency_links to delivery_robot.egg-info/dependency_links.txt
writing entry points to delivery_robot.egg-info/entry_points.txt
writing requirements to delivery_robot.egg-info/requires.txt
writing top-level names to delivery_robot.egg-info/top_level.txt
writing manifest file 'delivery_robot.egg-info/SOURCES.txt'
reading manifest file 'delivery_robot.egg-info/SOURCES.txt'
writing manifest file 'delivery_robot.egg-info/SOURCES.txt'
running build_ext
Creating /home/donguk/delivery_robot/install/delivery_robot/lib/python3.10/site-packages/delivery-robot.egg-link (link to .)
Installing mission script to /home/donguk/delivery_robot/install/delivery_robot/lib/delivery_robot

Installed /home/donguk/delivery_robot/build/delivery_robot
running symlink_data
creating /home/donguk/delivery_robot/install/delivery_robot/share/ament_index
creating /home/donguk/delivery_robot/install/delivery_robot/share/ament_index/resource_index
creating /home/donguk/delivery_robot/install/delivery_robot/share/ament_index/resource_index/packages
symbolically linking /home/donguk/delivery_robot/build/delivery_robot/resource/delivery_robot -> /home/donguk/delivery_robot/install/delivery_robot/share/ament_index/resource_index/packages
symbolically linking /home/donguk/delivery_robot/build/delivery_robot/package.xml -> /home/donguk/delivery_robot/install/delivery_robot/share/delivery_robot
